# JRE version: OpenJDK Runtime Environment (23.0.2) (build 23.0.2)
# Java VM: OpenJDK 64-Bit Server VM (23.0.2, mixed mode, sharing, tiered, compressed oops, compressed class ptrs, g1 gc, linux-amd64)
GC Precious Log:
 CardTable entry size: 512
 Card Set container configuration: InlinePtr #cards 4 size 8 Array Of Cards #cards 16 size 48 Howl #buckets 8 coarsen threshold 3686 Howl Bitmap #cards 512 size 80 coarsen threshold 460 Card regions per heap region 1 cards per card region 4096
 CPUs: 12 total, 12 available
 Memory: 15356M
 Large Page Support: Disabled
 NUMA Support: Disabled
 Compressed Oops: Enabled (Zero based)
 Heap Region Size: 2M
 Heap Min Capacity: 8M
 Heap Initial Capacity: 240M
 Heap Max Capacity: 3840M
 Pre-touch: Disabled
 Parallel Workers: 10
 Concurrent Workers: 3
 Concurrent Refinement Workers: 10
 Periodic GC: Disabled
Heap:
 garbage-first heap   total reserved 3932160K, committed 63488K, used 52930K [0x0000000710000000, 0x0000000800000000)
  region size 2048K, 23 young (47104K), 4 survivors (8192K)
 Metaspace       used 27824K, committed 28224K, reserved 1114112K
  class space    used 3346K, committed 3520K, reserved 1048576K
GC Heap History (9 events):
Event: 0.703 GC heap before
{Heap before GC invocations=0 (full 0):
 garbage-first heap   total reserved 3932160K, committed 247808K, used 25721K [0x0000000710000000, 0x0000000800000000)
  region size 2048K, 12 young (24576K), 0 survivors (0K)
 Metaspace       used 6407K, committed 6528K, reserved 1114112K
  class space    used 769K, committed 832K, reserved 1048576K
}
Event: 0.710 GC heap after
{Heap after GC invocations=1 (full 0):
 garbage-first heap   total reserved 3932160K, committed 247808K, used 4617K [0x0000000710000000, 0x0000000800000000)
  region size 2048K, 2 young (4096K), 2 survivors (4096K)
 Metaspace       used 6407K, committed 6528K, reserved 1114112K
  class space    used 769K, committed 832K, reserved 1048576K
}
Event: 1.080 GC heap before
{Heap before GC invocations=1 (full 0):
 garbage-first heap   total reserved 3932160K, committed 247808K, used 25097K [0x0000000710000000, 0x0000000800000000)
  region size 2048K, 13 young (26624K), 2 survivors (4096K)
 Metaspace       used 9345K, committed 9472K, reserved 1114112K
  class space    used 1124K, committed 1152K, reserved 1048576K
}
Event: 1.086 GC heap after
{Heap after GC invocations=2 (full 0):
 garbage-first heap   total reserved 3932160K, committed 247808K, used 5848K [0x0000000710000000, 0x0000000800000000)
  region size 2048K, 1 young (2048K), 1 survivors (2048K)
 Metaspace       used 9345K, committed 9472K, reserved 1114112K
  class space    used 1124K, committed 1152K, reserved 1048576K
}
Event: 2.322 GC heap before
{Heap before GC invocations=2 (full 0):
 garbage-first heap   total reserved 3932160K, committed 247808K, used 75480K [0x0000000710000000, 0x0000000800000000)
  region size 2048K, 35 young (71680K), 1 survivors (2048K)
 Metaspace       used 17423K, committed 17728K, reserved 1114112K
  class space    used 2118K, committed 2240K, reserved 1048576K
}
Event: 2.333 GC heap after
{Heap after GC invocations=3 (full 0):
 garbage-first heap   total reserved 3932160K, committed 247808K, used 12162K [0x0000000710000000, 0x0000000800000000)
  region size 2048K, 4 young (8192K), 4 survivors (8192K)
 Metaspace       used 17423K, committed 17728K, reserved 1114112K
  class space    used 2118K, committed 2240K, reserved 1048576K
}
Event: 2.588 GC heap before
{Heap before GC invocations=3 (full 0):
 garbage-first heap   total reserved 3932160K, committed 247808K, used 24450K [0x0000000710000000, 0x0000000800000000)
  region size 2048K, 11 young (22528K), 4 survivors (8192K)
 Metaspace       used 21187K, committed 21504K, reserved 1114112K
  class space    used 2590K, committed 2752K, reserved 1048576K
}
Event: 2.599 GC heap after
{Heap after GC invocations=4 (full 0):
 garbage-first heap   total reserved 3932160K, committed 247808K, used 14018K [0x0000000710000000, 0x0000000800000000)
  region size 2048K, 1 young (2048K), 1 survivors (2048K)
 Metaspace       used 21187K, committed 21504K, reserved 1114112K
  class space    used 2590K, committed 2752K, reserved 1048576K
}
Event: 3.298 GC heap before
{Heap before GC invocations=5 (full 0):
 garbage-first heap   total reserved 3932160K, committed 55296K, used 52930K [0x0000000710000000, 0x0000000800000000)
  region size 2048K, 20 young (40960K), 1 survivors (2048K)
 Metaspace       used 27824K, committed 28224K, reserved 1114112K
  class space    used 3346K, committed 3520K, reserved 1048576K
}

